2022-05-28 18:58:10,743--demo_06日志的输出格式.py--WARNING:-----warning--------
2022-05-28 18:58:10,743--demo_06日志的输出格式.py--ERROR:-----error--------
2022-05-28 18:58:10,743--demo_06日志的输出格式.py--CRITICAL:-----critical--------
2022-05-28 18:58:32,608--demo_06日志的输出格式.py--WARNING:-----warning--------
2022-05-28 18:58:32,608--demo_06日志的输出格式.py--ERROR:-----error--------
2022-05-28 18:58:32,608--demo_06日志的输出格式.py--CRITICAL:-----critical--------
2022-05-28 18:59:00,490--demo_06日志的输出格式.py--WARNING:-----warning--------
2022-05-28 18:59:00,490--demo_06日志的输出格式.py--ERROR:-----error--------
2022-05-28 18:59:00,490--demo_06日志的输出格式.py--CRITICAL:-----critical--------
2022-05-28 18:59:09,683--demo_06日志的输出格式.py--WARNING:-----warning--------
2022-05-28 18:59:09,683--demo_06日志的输出格式.py--ERROR:-----error--------
2022-05-28 18:59:09,683--demo_06日志的输出格式.py--CRITICAL:-----critical--------
2022-05-28 19:01:31,126--demo_06日志的输出格式.py--WARNING:-----warning--------
2022-05-28 19:01:31,126--demo_06日志的输出格式.py--ERROR:-----error--------
2022-05-28 19:01:31,126--demo_06日志的输出格式.py--CRITICAL:-----critical--------
2022-05-28 19:02:42,979--demo_06日志的输出格式.py--42--WARNING:-----warning--------
2022-05-28 19:02:42,979--demo_06日志的输出格式.py--43--ERROR:-----error--------
2022-05-28 19:02:42,979--demo_06日志的输出格式.py--44--CRITICAL:-----critical--------
2022-05-28 19:16:06,005--demo_07日志收集器的使用.py--14--ERROR:用例执行失败
2022-05-28 19:21:27,575--demo_06日志的输出格式.py--42--WARNING:-----warning--------
2022-05-28 19:21:27,575--demo_06日志的输出格式.py--43--ERROR:-----error--------
2022-05-28 19:21:27,576--demo_06日志的输出格式.py--44--CRITICAL:-----critical--------
